<?xml version="1.0" encoding="UTF-8"?>
<!-- Generated by org.testng.reporters.JUnitReportReporter -->
<testsuite hostname="BCIT-WIN-S1427" failures="0" tests="3" name="dataProvide" time="0.014" errors="0" timestamp="2024-03-02T01:11:24 IST" skipped="0">
  <testcase classname="dataProvide" name="testCaseData" time="0.007"/>
  <system-out/>
  <testcase classname="dataProvide" name="testCaseData" time="0.003"/>
  <system-out/>
  <testcase classname="dataProvide" name="testCaseData" time="0.004"/>
  <system-out/>
</testsuite> <!-- dataProvide -->
